<?xml version="1.0" encoding="UTF-8"?>
<!-- Generated by org.testng.reporters.JUnitXMLReporter -->
<testsuite ignored="0" hostname="Gurpreet" failures="0" tests="3" name="Default test" time="49.539" errors="0" timestamp="2024-12-16T21:29:05 EST">
  <testcase classname="assignments.AssignmentScriptswithTestNG" name="enterEmail" time="7.115"/>
  <testcase classname="assignments.AssignmentScriptswithTestNG" name="verifyTitle" time="6.367"/>
  <testcase classname="assignments.AssignmentScriptswithTestNG" name="verifyErrorMessage" time="7.481"/>
</testsuite> <!-- Default test -->
