<?xml version="1.0" encoding="UTF-8"?>
<testng-results ignored="0" total="3" passed="3" failed="0" skipped="0">
  <reporter-output>
  </reporter-output>
  <suite started-at="2024-12-16T21:28:16 EST" name="Default suite" finished-at="2024-12-16T21:29:05 EST" duration-ms="49539">
    <groups>
    </groups>
    <test started-at="2024-12-16T21:28:16 EST" name="Default test" finished-at="2024-12-16T21:29:05 EST" duration-ms="49539">
      <class name="assignments.AssignmentScriptswithTestNG">
        <test-method is-config="true" signature="launchBrowser()[pri:0, instance:assignments.AssignmentScriptswithTestNG@26d9b808]" started-at="2024-12-16T21:28:16 EST" name="launchBrowser" finished-at="2024-12-16T21:28:25 EST" duration-ms="9302" status="PASS">
          <reporter-output>
          </reporter-output>
        </test-method> <!-- launchBrowser -->
        <test-method signature="enterEmail()[pri:1, instance:assignments.AssignmentScriptswithTestNG@26d9b808]" started-at="2024-12-16T21:28:25 EST" name="enterEmail" finished-at="2024-12-16T21:28:32 EST" duration-ms="7115" status="PASS">
          <reporter-output>
          </reporter-output>
        </test-method> <!-- enterEmail -->
        <test-method is-config="true" signature="tearDown()[pri:0, instance:assignments.AssignmentScriptswithTestNG@26d9b808]" started-at="2024-12-16T21:28:32 EST" name="tearDown" finished-at="2024-12-16T21:28:35 EST" duration-ms="3141" status="PASS">
          <reporter-output>
          </reporter-output>
        </test-method> <!-- tearDown -->
        <test-method is-config="true" signature="launchBrowser()[pri:0, instance:assignments.AssignmentScriptswithTestNG@26d9b808]" started-at="2024-12-16T21:28:35 EST" name="launchBrowser" finished-at="2024-12-16T21:28:41 EST" duration-ms="5586" status="PASS">
          <reporter-output>
          </reporter-output>
        </test-method> <!-- launchBrowser -->
        <test-method signature="verifyTitle()[pri:2, instance:assignments.AssignmentScriptswithTestNG@26d9b808]" started-at="2024-12-16T21:28:41 EST" name="verifyTitle" finished-at="2024-12-16T21:28:47 EST" duration-ms="6367" status="PASS">
          <reporter-output>
          </reporter-output>
        </test-method> <!-- verifyTitle -->
        <test-method is-config="true" signature="tearDown()[pri:0, instance:assignments.AssignmentScriptswithTestNG@26d9b808]" started-at="2024-12-16T21:28:47 EST" name="tearDown" finished-at="2024-12-16T21:28:50 EST" duration-ms="2524" status="PASS">
          <reporter-output>
          </reporter-output>
        </test-method> <!-- tearDown -->
        <test-method is-config="true" signature="launchBrowser()[pri:0, instance:assignments.AssignmentScriptswithTestNG@26d9b808]" started-at="2024-12-16T21:28:50 EST" name="launchBrowser" finished-at="2024-12-16T21:28:56 EST" duration-ms="5915" status="PASS">
          <reporter-output>
          </reporter-output>
        </test-method> <!-- launchBrowser -->
        <test-method signature="verifyErrorMessage()[pri:3, instance:assignments.AssignmentScriptswithTestNG@26d9b808]" started-at="2024-12-16T21:28:56 EST" name="verifyErrorMessage" finished-at="2024-12-16T21:29:03 EST" duration-ms="7481" status="PASS">
          <reporter-output>
          </reporter-output>
        </test-method> <!-- verifyErrorMessage -->
        <test-method is-config="true" signature="tearDown()[pri:0, instance:assignments.AssignmentScriptswithTestNG@26d9b808]" started-at="2024-12-16T21:29:03 EST" name="tearDown" finished-at="2024-12-16T21:29:05 EST" duration-ms="1896" status="PASS">
          <reporter-output>
          </reporter-output>
        </test-method> <!-- tearDown -->
      </class> <!-- assignments.AssignmentScriptswithTestNG -->
    </test> <!-- Default test -->
  </suite> <!-- Default suite -->
</testng-results>
